GeoQuiz/app/build/outputs/logs/manifest-merger-debug-report.txt
-- Merging decision tree log ---
manifest
ADDED from src\main\AndroidManifest.xml:2:1-30:12
	xmlns:android
		ADDED from src\main\AndroidManifest.xml:2:11-69
	package
		ADDED from src\main\AndroidManifest.xml:3:3-43
		INJECTED from src\main\AndroidManifest.xml
		INJECTED from src\main\AndroidManifest.xml
	android:versionName
		ADDED from src\main\AndroidManifest.xml:5:3-28
	android:versionCode
		ADDED from src\main\AndroidManifest.xml:4:3-26
		INJECTED from src\main\AndroidManifest.xml
		INJECTED from src\main\AndroidManifest.xml
uses-sdk
ADDED from src\main\AndroidManifest.xml:7:3-9:37
	android:targetSdkVersion
		ADDED from src\main\AndroidManifest.xml:9:5-34
		INJECTED from src\main\AndroidManifest.xml
		INJECTED from src\main\AndroidManifest.xml
	android:minSdkVersion
		ADDED from src\main\AndroidManifest.xml:8:5-30
		INJECTED from src\main\AndroidManifest.xml
		INJECTED from src\main\AndroidManifest.xml
application
ADDED from src\main\AndroidManifest.xml:11:3-28:17
	android:label
		ADDED from src\main\AndroidManifest.xml:14:5-37
	android:allowBackup
		ADDED from src\main\AndroidManifest.xml:12:5-31
	android:icon
		ADDED from src\main\AndroidManifest.xml:13:5-41
	android:theme
		ADDED from src\main\AndroidManifest.xml:15:5-36
activity#itp341.exercises.week6.geoquiz.QuizActivity
ADDED from src\main\AndroidManifest.xml:16:5-24:16
	android:label
		ADDED from src\main\AndroidManifest.xml:18:7-39
	android:name
		ADDED from src\main\AndroidManifest.xml:17:7-35
intent-filter#android.intent.action.MAIN+android.intent.category.LAUNCHER
ADDED from src\main\AndroidManifest.xml:19:7-23:23
action#android.intent.action.MAIN
ADDED from src\main\AndroidManifest.xml:20:9-61
	android:name
		ADDED from src\main\AndroidManifest.xml:20:17-58
category#android.intent.category.LAUNCHER
ADDED from src\main\AndroidManifest.xml:22:9-69
	android:name
		ADDED from src\main\AndroidManifest.xml:22:19-66
activity#itp341.exercises.week6.geoquiz.CheatActivity
ADDED from src\main\AndroidManifest.xml:25:5-27:42
	android:label
		ADDED from src\main\AndroidManifest.xml:27:7-39
	android:name
		ADDED from src\main\AndroidManifest.xml:26:7-36